<?xml version="1.0" encoding="UTF-8"?>
<!-- Generated by org.testng.reporters.JUnitReportReporter -->
<testsuite skipped="0" hostname="DESKTOP-IRT21TU" name="com.zeroten.flow.IfElseTest" tests="1" failures="0" timestamp="2019-12-07T13:54:24 CST" time="0.012" errors="0">
  <testcase name="testIfElse" time="0.012" classname="com.zeroten.flow.IfElseTest"/>
</testsuite> <!-- com.zeroten.flow.IfElseTest -->
